2026-04-16T15:57:01.944Z SUCCESSFUL LOGIN: testAcc@aol.com
2026-04-16T15:57:20.878Z FAILED LOGIN - Wrong Password: testAcc@aol.com
2026-04-16T15:57:27.387Z FAILED LOGIN - Wrong Password: testAcc@aol.com
2026-04-16T15:57:42.701Z FAILED LOGIN - User Not Found: abc123@gmail.com
2026-04-16T18:47:20.498Z SUCCESSFUL LOGIN: foxfan2@example.com
2026-04-17T16:38:53.934Z FAILED LOGIN - User Not Found: testacc@aol.com
2026-04-17T16:39:05.884Z FAILED LOGIN - User Not Found: testacc@aol.com
2026-04-17T16:39:13.213Z FAILED LOGIN - User Not Found: testacc@aol.com
2026-04-17T16:39:20.636Z FAILED LOGIN - User Not Found: testacc@aol.com
2026-04-17T16:39:33.932Z SUCCESSFUL LOGIN: foxfan2@example.com
2026-04-17T16:42:46.851Z SUCCESSFUL LOGIN: foxfan2@example.com
2026-04-17T16:47:45.181Z SUCCESSFUL LOGIN: foxfan2@example.com
2026-04-17T17:13:28.246Z SUCCESSFUL LOGIN: foxfan2@example.com
2026-04-17T17:14:21.189Z SUCCESSFUL LOGIN: foxfan2@example.com
2026-04-17T17:20:41.453Z SUCCESSFUL LOGIN: foxfan2@example.com
2026-04-17T17:58:07.360Z SUCCESSFUL LOGIN: foxfan2@example.com
2026-04-17T17:59:17.275Z SUCCESSFUL LOGIN: foxfan2@example.com
2026-04-17T18:01:55.516Z SUCCESSFUL LOGIN: foxfan2@example.com
2026-04-17T18:04:47.968Z SUCCESSFUL LOGIN: foxfan2@example.com
2026-04-17T18:05:39.545Z FAILED LOGIN - User Not Found: testacc@aol.com
2026-04-17T18:05:49.858Z FAILED LOGIN - User Not Found: testacc@aol.com
2026-04-17T18:07:01.977Z SUCCESSFUL LOGIN: test@test.com
2026-04-17T18:11:24.909Z FAILED LOGIN - User Not Found: testacc@aol.com
2026-04-17T18:11:31.385Z FAILED LOGIN - User Not Found: testacc@aol.com
2026-04-17T18:11:40.362Z FAILED LOGIN - User Not Found: testacc@aol.com
2026-04-17T18:15:16.851Z SUCCESSFUL LOGIN: foxfan2@example.com
2026-04-17T18:15:42.402Z SUCCESSFUL LOGIN: test@test.com
2026-04-20T17:27:01.481Z SUCCESSFUL LOGIN: foxfan2@example.com
2026-04-20T17:40:23.141Z SUCCESSFUL LOGIN: foxfan2@example.com
2026-04-20T19:16:03.274Z SUCCESSFUL LOGIN: foxfan2@example.com
2026-04-20T19:22:43.048Z SUCCESSFUL LOGIN: foxfan2@example.com
2026-04-20T19:25:16.288Z SUCCESSFUL LOGIN: foxfan2@example.com
